<?xml version="1.0" encoding="UTF-8"?>
<!-- Generated by org.testng.reporters.JUnitReportReporter -->
<testsuite skipped="0" hostname="DESKTOP-27L8JE7" name="com.testng.TNG_001" tests="1" failures="0" timestamp="14 Apr 2020 16:14:50 GMT" time="16.393" errors="0">
  <testcase name="amazon" time="16.393" classname="com.testng.TNG_001"/>
</testsuite> <!-- com.testng.TNG_001 -->
