<?xml version="1.0" encoding="UTF-8"?>
<!-- Generated by org.testng.reporters.JUnitReportReporter -->
<testsuite skipped="0" hostname="DESKTOP-27L8JE7" name="com.testng.CheckBox1" tests="2" failures="0" timestamp="13 Apr 2020 16:30:59 GMT" time="39.223" errors="0">
  <testcase name="checkboxTest" time="13.596" classname="com.testng.CheckBox1"/>
  <testcase name="checkboxTest" time="25.627" classname="com.testng.CheckBox1"/>
</testsuite> <!-- com.testng.CheckBox1 -->
