<?xml version="1.0" encoding="UTF-8"?>
<!-- Generated by org.testng.reporters.JUnitReportReporter -->
<testsuite skipped="0" hostname="DESKTOP-27L8JE7" name="com.testng.RadioButton1" tests="2" failures="0" timestamp="13 Apr 2020 16:30:59 GMT" time="40.881" errors="0">
  <testcase name="checkboxTest" time="14.446" classname="com.testng.RadioButton1"/>
  <testcase name="checkboxTest" time="26.435" classname="com.testng.RadioButton1"/>
</testsuite> <!-- com.testng.RadioButton1 -->
