<?xml version="1.0" encoding="UTF-8"?>
<!-- Generated by org.testng.reporters.JUnitReportReporter -->
<testsuite skipped="0" hostname="DESKTOP-27L8JE7" name="com.testng.LinksTesting1" tests="2" failures="0" timestamp="14 Apr 2020 15:46:59 GMT" time="68.387" errors="0">
  <testcase name="linktesting1" time="15.452" classname="com.testng.LinksTesting1"/>
  <testcase name="linktesting1" time="52.935" classname="com.testng.LinksTesting1"/>
</testsuite> <!-- com.testng.LinksTesting1 -->
