<?xml version="1.0" encoding="UTF-8"?>
<!-- Generated by org.testng.reporters.JUnitReportReporter -->
<testsuite skipped="0" hostname="DESKTOP-27L8JE7" name="com.testng.LinksTesting1" tests="2" failures="0" timestamp="13 Apr 2020 16:30:59 GMT" time="29.943" errors="0">
  <testcase name="linktesting1" time="18.799" classname="com.testng.LinksTesting1"/>
  <testcase name="linktesting1" time="11.144" classname="com.testng.LinksTesting1"/>
</testsuite> <!-- com.testng.LinksTesting1 -->
