<?xml version="1.0" encoding="UTF-8"?>
<!-- Generated by org.testng.reporters.JUnitReportReporter -->
<testsuite skipped="0" hostname="DESKTOP-27L8JE7" name="com.testng.CheckBox1" tests="1" failures="0" timestamp="14 Apr 2020 16:14:06 GMT" time="13.797" errors="0">
  <testcase name="checkboxTest" time="13.797" classname="com.testng.CheckBox1"/>
</testsuite> <!-- com.testng.CheckBox1 -->
