<?xml version="1.0" encoding="UTF-8"?>
<!-- Generated by org.testng.reporters.JUnitReportReporter -->
<testsuite skipped="0" hostname="DESKTOP-27L8JE7" name="com.project.TC_003" tests="1" failures="0" timestamp="13 Apr 2020 15:59:07 GMT" time="25.983" errors="0">
  <testcase name="amazon" time="25.983" classname="com.project.TC_003"/>
</testsuite> <!-- com.project.TC_003 -->
