<?xml version="1.0" encoding="UTF-8"?>
<!-- Generated by org.testng.reporters.JUnitReportReporter -->
<testsuite skipped="1" hostname="DESKTOP-27L8JE7" name="com.project.TC_002" tests="3" failures="0" timestamp="09 Apr 2020 16:36:11 GMT" time="0.024" errors="0">
  <testcase name="f" time="0.019" classname="com.project.TC_002"/>
  <testcase name="a" time="0.005" classname="com.project.TC_002"/>
  <testcase name="z" classname="com.project.TC_002">
    <skipped/>
  </testcase> <!-- z -->
</testsuite> <!-- com.project.TC_002 -->
