<?xml version="1.0" encoding="UTF-8"?>
<!-- Generated by org.testng.reporters.JUnitReportReporter -->
<testsuite skipped="0" hostname="DESKTOP-27L8JE7" name="com.testng.TNG_001" tests="2" failures="0" timestamp="13 Apr 2020 16:30:59 GMT" time="34.110" errors="0">
  <testcase name="amazon" time="12.562" classname="com.testng.TNG_001"/>
  <testcase name="amazon" time="21.548" classname="com.testng.TNG_001"/>
</testsuite> <!-- com.testng.TNG_001 -->
